<?xml version="1.0" encoding="UTF-8"?>
<!-- Generated by org.testng.reporters.JUnitReportReporter -->
<testsuite hostname="DESKTOP-ACDGDD1" failures="0" tests="1" name="com.flipkartAutomation.Validation.FlipkartRunner" time="25.451" errors="0" timestamp="2023-02-21T15:57:03 IST" skipped="0">
  <testcase classname="com.flipkartAutomation.Validation.FlipkartRunner" name="flipkartValidation" time="25.451"/>
  <system-out/>
</testsuite> <!-- com.flipkartAutomation.Validation.FlipkartRunner -->
